<?xml version="1.0" encoding="UTF-8"?>
<robot generator="Robot 7.4.1 (Python 3.11.9 on win32)" generated="2026-02-10T12:26:52.108647" rpa="false" schemaversion="5">
<suite id="s1" name="Negative Suite" source="C:\Users\joaopsil\OneDrive - Capgemini\Ambiente de Trabalho\e-commerce-automation\tests\negative_suite.robot">
<kw name="Suite Setup 1" owner="common" type="SETUP">
<kw name="Generate Data For New User" owner="common">
<kw name="Generate First Name" owner="faker">
<msg time="2026-02-10T12:26:52.582017" level="INFO">${first_name} = Alice</msg>
<var>${first_name}</var>
<status status="PASS" start="2026-02-10T12:26:52.582017" elapsed="0.000000"/>
</kw>
<kw name="Generate Last Name" owner="faker">
<msg time="2026-02-10T12:26:52.583023" level="INFO">${last_name} = Smith</msg>
<var>${last_name}</var>
<status status="PASS" start="2026-02-10T12:26:52.582017" elapsed="0.001006"/>
</kw>
<kw name="Generate Random Email" owner="faker">
<msg time="2026-02-10T12:26:52.583023" level="INFO">${email} = 62r1qdf9@test.com</msg>
<var>${email}</var>
<doc>Return random email like ``abcd1234@example.com``.</doc>
<status status="PASS" start="2026-02-10T12:26:52.583023" elapsed="0.000000"/>
</kw>
<kw name="Generate Random Password" owner="faker">
<msg time="2026-02-10T12:26:52.583023" level="INFO">${password} = ixVRrk49u6</msg>
<var>${password}</var>
<doc>Return random password with letters and digits.</doc>
<status status="PASS" start="2026-02-10T12:26:52.583023" elapsed="0.000000"/>
</kw>
<kw name="Generate Street" owner="faker">
<msg time="2026-02-10T12:26:52.584023" level="INFO">${street} = 710 High St</msg>
<var>${street}</var>
<status status="PASS" start="2026-02-10T12:26:52.583023" elapsed="0.001000"/>
</kw>
<kw name="Generate City" owner="faker">
<msg time="2026-02-10T12:26:52.584023" level="INFO">${city} = Chicago</msg>
<var>${city}</var>
<status status="PASS" start="2026-02-10T12:26:52.584023" elapsed="0.000000"/>
</kw>
<kw name="Generate State" owner="faker">
<msg time="2026-02-10T12:26:52.584023" level="INFO">${state} = AZ</msg>
<var>${state}</var>
<status status="PASS" start="2026-02-10T12:26:52.584023" elapsed="0.000000"/>
</kw>
<kw name="Generate Zip Code" owner="faker">
<msg time="2026-02-10T12:26:52.585023" level="INFO">${zip_code} = 87155</msg>
<var>${zip_code}</var>
<status status="PASS" start="2026-02-10T12:26:52.584023" elapsed="0.001000"/>
</kw>
<kw name="Generate Phone Number" owner="faker">
<msg time="2026-02-10T12:26:52.585023" level="INFO">${phone_number} = 966-383-6243</msg>
<var>${phone_number}</var>
<doc>Return random US-style phone number, e.g. 555-123-4567.</doc>
<status status="PASS" start="2026-02-10T12:26:52.585023" elapsed="0.000000"/>
</kw>
<kw name="Generate Ssn" owner="faker">
<msg time="2026-02-10T12:26:52.585023" level="INFO">${ssn} = 845-59-1402</msg>
<var>${ssn}</var>
<doc>Return random SSN-like string, e.g. 123-45-6789 (for tests only).</doc>
<status status="PASS" start="2026-02-10T12:26:52.585023" elapsed="0.000000"/>
</kw>
<kw name="Generate Username" owner="faker">
<msg time="2026-02-10T12:26:52.586023" level="INFO">${username} = ikbjux367</msg>
<var>${username}</var>
<status status="PASS" start="2026-02-10T12:26:52.585023" elapsed="0.001000"/>
</kw>
<kw name="Generate Random Password" owner="faker">
<msg time="2026-02-10T12:26:52.586023" level="INFO">${password} = HGB7tlIs8B</msg>
<var>${password}</var>
<doc>Return random password with letters and digits.</doc>
<status status="PASS" start="2026-02-10T12:26:52.586023" elapsed="0.000000"/>
</kw>
<return>
<value>${first_name}</value>
<value>${last_name}</value>
<value>${email}</value>
<value>${password}</value>
<value>${street}</value>
<value>${city}</value>
<value>${state}</value>
<value>${zip_code}</value>
<value>${phone_number}</value>
<value>${ssn}</value>
<value>${username}</value>
<status status="PASS" start="2026-02-10T12:26:52.586023" elapsed="0.000000"/>
</return>
<msg time="2026-02-10T12:26:52.586023" level="INFO">${first} = Alice</msg>
<msg time="2026-02-10T12:26:52.586023" level="INFO">${last} = Smith</msg>
<msg time="2026-02-10T12:26:52.586023" level="INFO">${email} = 62r1qdf9@test.com</msg>
<msg time="2026-02-10T12:26:52.586023" level="INFO">${password} = HGB7tlIs8B</msg>
<msg time="2026-02-10T12:26:52.586023" level="INFO">${street} = 710 High St</msg>
<msg time="2026-02-10T12:26:52.587032" level="INFO">${city} = Chicago</msg>
<msg time="2026-02-10T12:26:52.587032" level="INFO">${state} = AZ</msg>
<msg time="2026-02-10T12:26:52.587032" level="INFO">${zip} = 87155</msg>
<msg time="2026-02-10T12:26:52.587032" level="INFO">${phone} = 966-383-6243</msg>
<msg time="2026-02-10T12:26:52.587032" level="INFO">${ssn} = 845-59-1402</msg>
<msg time="2026-02-10T12:26:52.587032" level="INFO">${username} = ikbjux367</msg>
<var>${first}</var>
<var>${last}</var>
<var>${email}</var>
<var>${password}</var>
<var>${street}</var>
<var>${city}</var>
<var>${state}</var>
<var>${zip}</var>
<var>${phone}</var>
<var>${ssn}</var>
<var>${username}</var>
<status status="PASS" start="2026-02-10T12:26:52.581004" elapsed="0.006028"/>
</kw>
<kw name="Set Suite Variable" owner="BuiltIn">
<msg time="2026-02-10T12:26:52.588023" level="INFO">${FIRSTNAME} = Alice</msg>
<arg>${FIRSTNAME}</arg>
<arg>${first}</arg>
<doc>Makes a variable available everywhere within the scope of the current suite.</doc>
<status status="PASS" start="2026-02-10T12:26:52.587032" elapsed="0.000991"/>
</kw>
<kw name="Set Suite Variable" owner="BuiltIn">
<msg time="2026-02-10T12:26:52.589023" level="INFO">${LASTNAME} = Smith</msg>
<arg>${LASTNAME}</arg>
<arg>${last}</arg>
<doc>Makes a variable available everywhere within the scope of the current suite.</doc>
<status status="PASS" start="2026-02-10T12:26:52.588023" elapsed="0.001000"/>
</kw>
<kw name="Set Suite Variable" owner="BuiltIn">
<msg time="2026-02-10T12:26:52.589023" level="INFO">${EMAIL} = 62r1qdf9@test.com</msg>
<arg>${EMAIL}</arg>
<arg>${email}</arg>
<doc>Makes a variable available everywhere within the scope of the current suite.</doc>
<status status="PASS" start="2026-02-10T12:26:52.589023" elapsed="0.000000"/>
</kw>
<kw name="Set Suite Variable" owner="BuiltIn">
<msg time="2026-02-10T12:26:52.590025" level="INFO">${STREET} = 710 High St</msg>
<arg>${STREET}</arg>
<arg>${street}</arg>
<doc>Makes a variable available everywhere within the scope of the current suite.</doc>
<status status="PASS" start="2026-02-10T12:26:52.589023" elapsed="0.001002"/>
</kw>
<kw name="Set Suite Variable" owner="BuiltIn">
<msg time="2026-02-10T12:26:52.591024" level="INFO">${CITY} = Chicago</msg>
<arg>${CITY}</arg>
<arg>${city}</arg>
<doc>Makes a variable available everywhere within the scope of the current suite.</doc>
<status status="PASS" start="2026-02-10T12:26:52.590025" elapsed="0.000999"/>
</kw>
<kw name="Set Suite Variable" owner="BuiltIn">
<msg time="2026-02-10T12:26:52.592023" level="INFO">${STATE} = AZ</msg>
<arg>${STATE}</arg>
<arg>${state}</arg>
<doc>Makes a variable available everywhere within the scope of the current suite.</doc>
<status status="PASS" start="2026-02-10T12:26:52.591024" elapsed="0.000999"/>
</kw>
<kw name="Set Suite Variable" owner="BuiltIn">
<msg time="2026-02-10T12:26:52.592023" level="INFO">${ZIP} = 87155</msg>
<arg>${ZIP}</arg>
<arg>${zip}</arg>
<doc>Makes a variable available everywhere within the scope of the current suite.</doc>
<status status="PASS" start="2026-02-10T12:26:52.592023" elapsed="0.000000"/>
</kw>
<kw name="Set Suite Variable" owner="BuiltIn">
<msg time="2026-02-10T12:26:52.593032" level="INFO">${PHONE} = 966-383-6243</msg>
<arg>${PHONE}</arg>
<arg>${phone}</arg>
<doc>Makes a variable available everywhere within the scope of the current suite.</doc>
<status status="PASS" start="2026-02-10T12:26:52.593032" elapsed="0.000000"/>
</kw>
<kw name="Set Suite Variable" owner="BuiltIn">
<msg time="2026-02-10T12:26:52.594036" level="INFO">${SSN} = 845-59-1402</msg>
<arg>${SSN}</arg>
<arg>${ssn}</arg>
<doc>Makes a variable available everywhere within the scope of the current suite.</doc>
<status status="PASS" start="2026-02-10T12:26:52.593032" elapsed="0.001004"/>
</kw>
<kw name="Set Suite Variable" owner="BuiltIn">
<msg time="2026-02-10T12:26:52.594036" level="INFO">${USERNAME} = ikbjux367</msg>
<arg>${USERNAME}</arg>
<arg>${username}</arg>
<doc>Makes a variable available everywhere within the scope of the current suite.</doc>
<status status="PASS" start="2026-02-10T12:26:52.594036" elapsed="0.000000"/>
</kw>
<kw name="Set Suite Variable" owner="BuiltIn">
<msg time="2026-02-10T12:26:52.595028" level="INFO">${PASSWORD} = HGB7tlIs8B</msg>
<arg>${PASSWORD}</arg>
<arg>${password}</arg>
<doc>Makes a variable available everywhere within the scope of the current suite.</doc>
<status status="PASS" start="2026-02-10T12:26:52.594036" elapsed="0.000992"/>
</kw>
<status status="PASS" start="2026-02-10T12:26:52.580499" elapsed="0.014529"/>
</kw>
<test id="s1-t1" name="Register New User" line="25">
<kw name="Test Setup" owner="common" type="SETUP">
<kw name="New Browser" owner="Browser">
<msg time="2026-02-10T12:26:52.597543" level="INFO">{"browser": "firefox", "headless": false, "chromiumSandbox": false, "devtools": false, "handleSIGHUP": true, "handleSIGINT": true, "handleSIGTERM": true, "slowMo": 0.0, "timeout": 30000.0, "tracesDir": "C:\\Users\\joaopsil\\OneDrive - Capgemini\\Ambiente de Trabalho\\e-commerce-automation\\results\\browser\\traces\\temp\\b048c88f-871f-4125-b5d9-5f9c3795b77d"}</msg>
<msg time="2026-02-10T12:26:52.722970" level="INFO">Starting Browser process C:\Users\joaopsil\OneDrive - Capgemini\Ambiente de Trabalho\e-commerce-automation\.venv\Lib\site-packages\Browser\wrapper\index.js using at 127.0.0.1:51816</msg>
<msg time="2026-02-10T12:26:55.452481" level="INFO">Successfully created browser with options: {"browser":"firefox","headless":false,"chromiumSandbox":false,"devtools":false,"handleSIGHUP":true,"handleSIGINT":true,"handleSIGTERM":true,"slowMo":0,"timeout":30000,"tracesDir":"C:\\Users\\joaopsil\\OneDrive - Capgemini\\Ambiente de Trabalho\\e-commerce-automation\\results\\browser\\traces\\temp\\b048c88f-871f-4125-b5d9-5f9c3795b77d"}</msg>
<arg>${BROWSER}</arg>
<arg>false</arg>
<tag>BrowserControl</tag>
<tag>Setter</tag>
<doc>Create a new playwright Browser with specified options.</doc>
<status status="PASS" start="2026-02-10T12:26:52.596031" elapsed="2.857451"/>
</kw>
<kw name="New Page" owner="Browser">
<msg time="2026-02-10T12:26:59.515144" level="INFO">Successfully initialized new page object and opened url: https://parabank.parasoft.com/parabank/index.htm</msg>
<msg time="2026-02-10T12:26:59.515144" level="INFO">No context was open. New context was automatically opened when this page is created.</msg>
<arg>${HOME_URL}</arg>
<tag>BrowserControl</tag>
<tag>Setter</tag>
<doc>Open a new Page.</doc>
<status status="PASS" start="2026-02-10T12:26:55.453482" elapsed="4.061662"/>
</kw>
<status status="PASS" start="2026-02-10T12:26:52.596031" elapsed="6.920126"/>
</kw>
<kw name="Click" owner="Browser">
<msg time="2026-02-10T12:26:59.517190" level="INFO">Clicks the element 'css=#loginPanel &gt; p:nth-child(3) &gt; a'.</msg>
<arg>css=#loginPanel &gt; p:nth-child(3) &gt; a</arg>
<tag>PageContent</tag>
<tag>Setter</tag>
<doc>Simulates mouse click on the element found by ``selector``.</doc>
<status status="PASS" start="2026-02-10T12:26:59.516157" elapsed="0.518792"/>
</kw>
<kw name="Fill Text" owner="Browser">
<msg time="2026-02-10T12:27:00.036949" level="INFO">Fills the text 'Alice' in the given field.</msg>
<arg>xpath=//*[@id="customer.firstName"]</arg>
<arg>${FIRSTNAME}</arg>
<tag>PageContent</tag>
<tag>Setter</tag>
<doc>Clears and fills the given ``txt`` into the text field found by ``selector``.</doc>
<status status="PASS" start="2026-02-10T12:27:00.035949" elapsed="0.123443"/>
</kw>
<kw name="Fill Text" owner="Browser">
<msg time="2026-02-10T12:27:00.161263" level="INFO">Fills the text 'Smith' in the given field.</msg>
<arg>xpath=//*[@id="customer.lastName"]</arg>
<arg>${LASTNAME}</arg>
<tag>PageContent</tag>
<tag>Setter</tag>
<doc>Clears and fills the given ``txt`` into the text field found by ``selector``.</doc>
<status status="PASS" start="2026-02-10T12:27:00.159392" elapsed="0.072829"/>
</kw>
<kw name="Fill Text" owner="Browser">
<msg time="2026-02-10T12:27:00.234933" level="INFO">Fills the text '710 High St' in the given field.</msg>
<arg>xpath=//*[@id="customer.address.street"]</arg>
<arg>${STREET}</arg>
<tag>PageContent</tag>
<tag>Setter</tag>
<doc>Clears and fills the given ``txt`` into the text field found by ``selector``.</doc>
<status status="PASS" start="2026-02-10T12:27:00.233412" elapsed="0.040511"/>
</kw>
<kw name="Fill Text" owner="Browser">
<msg time="2026-02-10T12:27:00.275938" level="INFO">Fills the text 'Chicago' in the given field.</msg>
<arg>xpath=//*[@id="customer.address.city"]</arg>
<arg>${CITY}</arg>
<tag>PageContent</tag>
<tag>Setter</tag>
<doc>Clears and fills the given ``txt`` into the text field found by ``selector``.</doc>
<status status="PASS" start="2026-02-10T12:27:00.274937" elapsed="0.042084"/>
</kw>
<kw name="Fill Text" owner="Browser">
<msg time="2026-02-10T12:27:00.318445" level="INFO">Fills the text 'AZ' in the given field.</msg>
<arg>xpath=//*[@id="customer.address.state"]</arg>
<arg>${STATE}</arg>
<tag>PageContent</tag>
<tag>Setter</tag>
<doc>Clears and fills the given ``txt`` into the text field found by ``selector``.</doc>
<status status="PASS" start="2026-02-10T12:27:00.317021" elapsed="0.042493"/>
</kw>
<kw name="Fill Text" owner="Browser">
<msg time="2026-02-10T12:27:00.361638" level="INFO">Fills the text '87155' in the given field.</msg>
<arg>xpath=//*[@id="customer.address.zipCode"]</arg>
<arg>${ZIP}</arg>
<tag>PageContent</tag>
<tag>Setter</tag>
<doc>Clears and fills the given ``txt`` into the text field found by ``selector``.</doc>
<status status="PASS" start="2026-02-10T12:27:00.360528" elapsed="0.037164"/>
</kw>
<kw name="Fill Text" owner="Browser">
<msg time="2026-02-10T12:27:00.399701" level="INFO">Fills the text '966-383-6243' in the given field.</msg>
<arg>xpath=//*[@id="customer.phoneNumber"]</arg>
<arg>${PHONE}</arg>
<tag>PageContent</tag>
<tag>Setter</tag>
<doc>Clears and fills the given ``txt`` into the text field found by ``selector``.</doc>
<status status="PASS" start="2026-02-10T12:27:00.398701" elapsed="0.034982"/>
</kw>
<kw name="Fill Text" owner="Browser">
<msg time="2026-02-10T12:27:00.435713" level="INFO">Fills the text '845-59-1402' in the given field.</msg>
<arg>xpath=//*[@id="customer.ssn"]</arg>
<arg>${SSN}</arg>
<tag>PageContent</tag>
<tag>Setter</tag>
<doc>Clears and fills the given ``txt`` into the text field found by ``selector``.</doc>
<status status="PASS" start="2026-02-10T12:27:00.434685" elapsed="0.037512"/>
</kw>
<kw name="Fill Text" owner="Browser">
<msg time="2026-02-10T12:27:00.475201" level="INFO">Fills the text 'ikbjux367' in the given field.</msg>
<arg>xpath=//*[@id="customer.username"]</arg>
<arg>${USERNAME}</arg>
<tag>PageContent</tag>
<tag>Setter</tag>
<doc>Clears and fills the given ``txt`` into the text field found by ``selector``.</doc>
<status status="PASS" start="2026-02-10T12:27:00.473200" elapsed="0.038456"/>
</kw>
<kw name="Fill Text" owner="Browser">
<msg time="2026-02-10T12:27:00.513669" level="INFO">Fills the text 'HGB7tlIs8B' in the given field.</msg>
<arg>xpath=//*[@id="customer.password"]</arg>
<arg>${PASSWORD}</arg>
<tag>PageContent</tag>
<tag>Setter</tag>
<doc>Clears and fills the given ``txt`` into the text field found by ``selector``.</doc>
<status status="PASS" start="2026-02-10T12:27:00.512666" elapsed="0.037126"/>
</kw>
<kw name="Fill Text" owner="Browser">
<msg time="2026-02-10T12:27:00.552163" level="INFO">Fills the text 'HGB7tlIs8B' in the given field.</msg>
<arg>xpath=//*[@id="repeatedPassword"]</arg>
<arg>${PASSWORD}</arg>
<tag>PageContent</tag>
<tag>Setter</tag>
<doc>Clears and fills the given ``txt`` into the text field found by ``selector``.</doc>
<status status="PASS" start="2026-02-10T12:27:00.551148" elapsed="0.035452"/>
</kw>
<kw name="Click" owner="Browser">
<msg time="2026-02-10T12:27:00.589118" level="INFO">Clicks the element 'xpath=//*[@id="customerForm"]/table/tbody/tr[13]/td[2]/input'.</msg>
<arg>xpath=//*[@id="customerForm"]/table/tbody/tr[13]/td[2]/input</arg>
<tag>PageContent</tag>
<tag>Setter</tag>
<doc>Simulates mouse click on the element found by ``selector``.</doc>
<status status="PASS" start="2026-02-10T12:27:00.588108" elapsed="0.341866"/>
</kw>
<kw name="Wait For Elements State" owner="Browser">
<msg time="2026-02-10T12:27:00.997177" level="INFO">Waited for Element with selector text=Welcome ikbjux367 at state visible</msg>
<arg>text=Welcome ${USERNAME}</arg>
<arg>visible</arg>
<arg>10s</arg>
<tag>PageContent</tag>
<tag>Wait</tag>
<doc>Waits for the element found by ``selector`` to satisfy state option.</doc>
<status status="PASS" start="2026-02-10T12:27:00.931371" elapsed="0.065806"/>
</kw>
<kw name="Test Teardown" owner="common" type="TEARDOWN">
<kw name="Close Browser" owner="Browser">
<msg time="2026-02-10T12:27:02.231609" level="INFO">Closed browser</msg>
<tag>BrowserControl</tag>
<tag>Setter</tag>
<doc>Closes the current browser.</doc>
<status status="PASS" start="2026-02-10T12:27:00.999474" elapsed="1.232135"/>
</kw>
<status status="PASS" start="2026-02-10T12:27:00.998463" elapsed="1.233146"/>
</kw>
<doc>This test case verifies that a new user can register successfully.</doc>
<tag>smoke</tag>
<status status="PASS" start="2026-02-10T12:26:52.595028" elapsed="9.637596"/>
</test>
<test id="s1-t2" name="Login With Valid Credentials" line="45">
<kw name="Test Setup" owner="common" type="SETUP">
<kw name="New Browser" owner="Browser">
<msg time="2026-02-10T12:27:02.247001" level="INFO">{"browser": "firefox", "headless": false, "chromiumSandbox": false, "devtools": false, "handleSIGHUP": true, "handleSIGINT": true, "handleSIGTERM": true, "slowMo": 0.0, "timeout": 30000.0, "tracesDir": "C:\\Users\\joaopsil\\OneDrive - Capgemini\\Ambiente de Trabalho\\e-commerce-automation\\results\\browser\\traces\\temp\\dde2f7f3-849d-4460-8021-ee7673f1d800"}</msg>
<msg time="2026-02-10T12:27:03.626553" level="INFO">Successfully created browser with options: {"browser":"firefox","headless":false,"chromiumSandbox":false,"devtools":false,"handleSIGHUP":true,"handleSIGINT":true,"handleSIGTERM":true,"slowMo":0,"timeout":30000,"tracesDir":"C:\\Users\\joaopsil\\OneDrive - Capgemini\\Ambiente de Trabalho\\e-commerce-automation\\results\\browser\\traces\\temp\\dde2f7f3-849d-4460-8021-ee7673f1d800"}</msg>
<arg>${BROWSER}</arg>
<arg>false</arg>
<tag>BrowserControl</tag>
<tag>Setter</tag>
<doc>Create a new playwright Browser with specified options.</doc>
<status status="PASS" start="2026-02-10T12:27:02.245620" elapsed="1.381932"/>
</kw>
<kw name="New Page" owner="Browser">
<msg time="2026-02-10T12:27:07.230237" level="INFO">Successfully initialized new page object and opened url: https://parabank.parasoft.com/parabank/index.htm</msg>
<msg time="2026-02-10T12:27:07.230237" level="INFO">No context was open. New context was automatically opened when this page is created.</msg>
<arg>${HOME_URL}</arg>
<tag>BrowserControl</tag>
<tag>Setter</tag>
<doc>Open a new Page.</doc>
<status status="PASS" start="2026-02-10T12:27:03.627552" elapsed="3.602685"/>
</kw>
<status status="PASS" start="2026-02-10T12:27:02.244622" elapsed="4.985615"/>
</kw>
<kw name="Fill Text" owner="Browser">
<msg time="2026-02-10T12:27:07.232406" level="INFO">Fills the text 'ikbjux367' in the given field.</msg>
<arg>css=#loginPanel input[name="username"]</arg>
<arg>${USERNAME}</arg>
<tag>PageContent</tag>
<tag>Setter</tag>
<doc>Clears and fills the given ``txt`` into the text field found by ``selector``.</doc>
<status status="PASS" start="2026-02-10T12:27:07.231236" elapsed="0.078470"/>
</kw>
<kw name="Fill Text" owner="Browser">
<msg time="2026-02-10T12:27:07.311719" level="INFO">Fills the text 'HGB7tlIs8B' in the given field.</msg>
<arg>css=#loginPanel input[name="password"]</arg>
<arg>${PASSWORD}</arg>
<tag>PageContent</tag>
<tag>Setter</tag>
<doc>Clears and fills the given ``txt`` into the text field found by ``selector``.</doc>
<status status="PASS" start="2026-02-10T12:27:07.310705" elapsed="0.028971"/>
</kw>
<kw name="Click" owner="Browser">
<msg time="2026-02-10T12:27:07.341992" level="INFO">Clicks the element 'xpath=//*[@id="loginPanel"]/form/div[3]/input'.</msg>
<arg>xpath=//*[@id="loginPanel"]/form/div[3]/input</arg>
<tag>PageContent</tag>
<tag>Setter</tag>
<doc>Simulates mouse click on the element found by ``selector``.</doc>
<status status="PASS" start="2026-02-10T12:27:07.339676" elapsed="0.745712"/>
</kw>
<kw name="Wait For Elements State" owner="Browser">
<msg time="2026-02-10T12:27:08.189298" level="INFO">Waited for Element with selector text=Welcome Alice at state visible</msg>
<arg>text=Welcome ${FIRSTNAME}</arg>
<arg>visible</arg>
<arg>10s</arg>
<tag>PageContent</tag>
<tag>Wait</tag>
<doc>Waits for the element found by ``selector`` to satisfy state option.</doc>
<status status="PASS" start="2026-02-10T12:27:08.086387" elapsed="0.102911"/>
</kw>
<kw name="Test Teardown" owner="common" type="TEARDOWN">
<kw name="Close Browser" owner="Browser">
<msg time="2026-02-10T12:27:09.323081" level="INFO">Closed browser</msg>
<tag>BrowserControl</tag>
<tag>Setter</tag>
<doc>Closes the current browser.</doc>
<status status="PASS" start="2026-02-10T12:27:08.191301" elapsed="1.131780"/>
</kw>
<status status="PASS" start="2026-02-10T12:27:08.190300" elapsed="1.132781"/>
</kw>
<doc>This test case verifies that a user can log in with valid credentials.</doc>
<tag>smoke</tag>
<status status="PASS" start="2026-02-10T12:27:02.240621" elapsed="7.082460"/>
</test>
<test id="s1-t3" name="Login With Invalid Credentials" line="55">
<kw name="Test Setup" owner="common" type="SETUP">
<kw name="New Browser" owner="Browser">
<msg time="2026-02-10T12:27:09.335080" level="INFO">{"browser": "firefox", "headless": false, "chromiumSandbox": false, "devtools": false, "handleSIGHUP": true, "handleSIGINT": true, "handleSIGTERM": true, "slowMo": 0.0, "timeout": 30000.0, "tracesDir": "C:\\Users\\joaopsil\\OneDrive - Capgemini\\Ambiente de Trabalho\\e-commerce-automation\\results\\browser\\traces\\temp\\be238426-b37e-41f9-bee9-206e7d37d8b8"}</msg>
<msg time="2026-02-10T12:27:10.626586" level="INFO">Successfully created browser with options: {"browser":"firefox","headless":false,"chromiumSandbox":false,"devtools":false,"handleSIGHUP":true,"handleSIGINT":true,"handleSIGTERM":true,"slowMo":0,"timeout":30000,"tracesDir":"C:\\Users\\joaopsil\\OneDrive - Capgemini\\Ambiente de Trabalho\\e-commerce-automation\\results\\browser\\traces\\temp\\be238426-b37e-41f9-bee9-206e7d37d8b8"}</msg>
<arg>${BROWSER}</arg>
<arg>false</arg>
<tag>BrowserControl</tag>
<tag>Setter</tag>
<doc>Create a new playwright Browser with specified options.</doc>
<status status="PASS" start="2026-02-10T12:27:09.334080" elapsed="1.293505"/>
</kw>
<kw name="New Page" owner="Browser">
<msg time="2026-02-10T12:27:14.237472" level="INFO">Successfully initialized new page object and opened url: https://parabank.parasoft.com/parabank/index.htm</msg>
<msg time="2026-02-10T12:27:14.238475" level="INFO">No context was open. New context was automatically opened when this page is created.</msg>
<arg>${HOME_URL}</arg>
<tag>BrowserControl</tag>
<tag>Setter</tag>
<doc>Open a new Page.</doc>
<status status="PASS" start="2026-02-10T12:27:10.627585" elapsed="3.610890"/>
</kw>
<status status="PASS" start="2026-02-10T12:27:09.333081" elapsed="4.905394"/>
</kw>
<kw name="Generate Invalid User" owner="common">
<kw name="Generate Username" owner="faker">
<msg time="2026-02-10T12:27:14.240539" level="INFO">${username} = cpicvr619</msg>
<var>${username}</var>
<status status="PASS" start="2026-02-10T12:27:14.240539" elapsed="0.000000"/>
</kw>
<kw name="Generate Random Password" owner="faker">
<msg time="2026-02-10T12:27:14.241548" level="INFO">${password} = R2AMByzsG6</msg>
<var>${password}</var>
<doc>Return random password with letters and digits.</doc>
<status status="PASS" start="2026-02-10T12:27:14.241548" elapsed="0.000000"/>
</kw>
<return>
<value>${username}</value>
<value>${password}</value>
<status status="PASS" start="2026-02-10T12:27:14.242549" elapsed="0.000000"/>
</return>
<msg time="2026-02-10T12:27:14.243549" level="INFO">${username} = cpicvr619</msg>
<msg time="2026-02-10T12:27:14.243549" level="INFO">${password} = R2AMByzsG6</msg>
<var>${username}</var>
<var>${password}</var>
<status status="PASS" start="2026-02-10T12:27:14.239473" elapsed="0.004076"/>
</kw>
<kw name="Fill Text" owner="Browser">
<msg time="2026-02-10T12:27:14.245011" level="INFO">Fills the text 'cpicvr619' in the given field.</msg>
<arg>css=#loginPanel input[name="username"]</arg>
<arg>${username}</arg>
<tag>PageContent</tag>
<tag>Setter</tag>
<doc>Clears and fills the given ``txt`` into the text field found by ``selector``.</doc>
<status status="PASS" start="2026-02-10T12:27:14.243549" elapsed="0.068222"/>
</kw>
<kw name="Fill Text" owner="Browser">
<msg time="2026-02-10T12:27:14.313757" level="INFO">Fills the text 'R2AMByzsG6' in the given field.</msg>
<arg>css=#loginPanel input[name="password"]</arg>
<arg>${password}</arg>
<tag>PageContent</tag>
<tag>Setter</tag>
<doc>Clears and fills the given ``txt`` into the text field found by ``selector``.</doc>
<status status="PASS" start="2026-02-10T12:27:14.311771" elapsed="0.031393"/>
</kw>
<kw name="Click" owner="Browser">
<msg time="2026-02-10T12:27:14.344163" level="INFO">Clicks the element 'xpath=//*[@id="loginPanel"]/form/div[3]/input'.</msg>
<arg>xpath=//*[@id="loginPanel"]/form/div[3]/input</arg>
<tag>PageContent</tag>
<tag>Setter</tag>
<doc>Simulates mouse click on the element found by ``selector``.</doc>
<status status="PASS" start="2026-02-10T12:27:14.343164" elapsed="0.444823"/>
</kw>
<kw name="Wait For Elements State" owner="Browser">
<msg time="2026-02-10T12:27:14.929042" level="INFO">Waited for Element with selector text=The username and password could not be verified. at state visible</msg>
<arg>text=The username and password could not be verified.</arg>
<arg>visible</arg>
<arg>10s</arg>
<tag>PageContent</tag>
<tag>Wait</tag>
<doc>Waits for the element found by ``selector`` to satisfy state option.</doc>
<status status="PASS" start="2026-02-10T12:27:14.788987" elapsed="0.141095"/>
</kw>
<kw name="Test Teardown" owner="common" type="TEARDOWN">
<kw name="Close Browser" owner="Browser">
<msg time="2026-02-10T12:27:16.110539" level="INFO">Closed browser</msg>
<tag>BrowserControl</tag>
<tag>Setter</tag>
<doc>Closes the current browser.</doc>
<status status="PASS" start="2026-02-10T12:27:14.932044" elapsed="1.178495"/>
</kw>
<status status="PASS" start="2026-02-10T12:27:14.931043" elapsed="1.179496"/>
</kw>
<doc>This test case verifies that a user cannot log in with invalid credentials.</doc>
<tag>negative</tag>
<status status="PASS" start="2026-02-10T12:27:09.330083" elapsed="6.780456"/>
</test>
<status status="PASS" start="2026-02-10T12:26:52.111197" elapsed="24.005338"/>
</suite>
<statistics>
<total>
<stat pass="3" fail="0" skip="0">All Tests</stat>
</total>
<tag>
<stat pass="1" fail="0" skip="0">negative</stat>
<stat pass="2" fail="0" skip="0">smoke</stat>
</tag>
<suite>
<stat name="Negative Suite" id="s1" pass="3" fail="0" skip="0">Negative Suite</stat>
</suite>
</statistics>
<errors>
</errors>
</robot>
